Using pre-set license
Built from '2020.3/staging' branch; Version is '2020.3.16f1 (049d6eca3c44) revision 302446'; Using compiler version '192528614'; Build Type 'Release'
OS: 'Windows 10 Home; OS build 19043.1165; Version 2009; 64bit' Language: 'en' Physical Memory: 8130 MB
BatchMode: 1, IsHumanControllingUs: 0, StartBugReporterOnCrash: 0, Is64bit: 1, IsPro: 0

 COMMAND LINE ARGUMENTS:
C:\Program Files\Unity\Hub\Editor\2020.3.16f1\Editor\Unity.exe
-adb2
-batchMode
-noUpm
-name
AssetImportWorker0
-projectPath
C:/Users/Owner/Desktop/Assention-Martial-Arts
-logFile
Logs/AssetImportWorker0.log
-srvPort
63799
Successfully changed project path to: C:/Users/Owner/Desktop/Assention-Martial-Arts
C:/Users/Owner/Desktop/Assention-Martial-Arts
Using Asset Import Pipeline V2.
Refreshing native plugins compatible for Editor in 27.34 ms, found 2 plugins.
Preloading 0 native plugins for Editor in 0.00 ms.
Initialize engine version: 2020.3.16f1 (049d6eca3c44)
[Subsystems] Discovering subsystems at path C:/Program Files/Unity/Hub/Editor/2020.3.16f1/Editor/Data/Resources/UnitySubsystems
[Subsystems] Discovering subsystems at path C:/Users/Owner/Desktop/Assention-Martial-Arts/Assets
GfxDevice: creating device client; threaded=0
Direct3D:
    Version:  Direct3D 11.0 [level 11.1]
    Renderer: NVIDIA GeForce GTX 1660 (ID=0x2184)
    Vendor:   
    VRAM:     5991 MB
    Driver:   27.21.14.6663
Initialize mono
Mono path[0] = 'C:/Program Files/Unity/Hub/Editor/2020.3.16f1/Editor/Data/Managed'
Mono path[1] = 'C:/Program Files/Unity/Hub/Editor/2020.3.16f1/Editor/Data/MonoBleedingEdge/lib/mono/unityjit'
Mono config path = 'C:/Program Files/Unity/Hub/Editor/2020.3.16f1/Editor/Data/MonoBleedingEdge/etc'
Using monoOptions --debugger-agent=transport=dt_socket,embedding=1,server=y,suspend=n,address=127.0.0.1:56036
Begin MonoManager ReloadAssembly
Registering precompiled unity dll's ...
Register platform support module: C:/Program Files/Unity/Hub/Editor/2020.3.16f1/Editor/Data/PlaybackEngines/WebGLSupport/UnityEditor.WebGL.Extensions.dll
Register platform support module: C:/Program Files/Unity/Hub/Editor/2020.3.16f1/Editor/Data/PlaybackEngines/WindowsStandaloneSupport/UnityEditor.WindowsStandalone.Extensions.dll
Registered in 0.002482 seconds.
Native extension for WindowsStandalone target not found
Native extension for WebGL target not found
Refreshing native plugins compatible for Editor in 25.64 ms, found 2 plugins.
Preloading 0 native plugins for Editor in 0.00 ms.
Mono: successfully reloaded assembly
- Completed reload, in  1.855 seconds
Domain Reload Profiling:
	ReloadAssembly (1855ms)
		BeginReloadAssembly (50ms)
			ExecutionOrderSort (0ms)
			DisableScriptedObjects (0ms)
			BackupInstance (0ms)
			ReleaseScriptingObjects (0ms)
			CreateAndSetChildDomain (1ms)
		EndReloadAssembly (349ms)
			LoadAssemblies (48ms)
			RebuildTransferFunctionScriptingTraits (0ms)
			SetupTypeCache (129ms)
			ReleaseScriptCaches (0ms)
			RebuildScriptCaches (27ms)
			SetupLoadedEditorAssemblies (133ms)
				LogAssemblyErrors (0ms)
				InitializePlatformSupportModulesInManaged (5ms)
				SetLoadedEditorAssemblies (0ms)
				RefreshPlugins (26ms)
				BeforeProcessingInitializeOnLoad (14ms)
				ProcessInitializeOnLoadAttributes (65ms)
				ProcessInitializeOnLoadMethodAttributes (24ms)
				AfterProcessingInitializeOnLoad (0ms)
				EditorAssembliesLoaded (0ms)
			ExecutionOrderSort2 (0ms)
			AwakeInstancesAfterBackupRestoration (0ms)
Platform modules already initialized, skipping
Registering precompiled user dll's ...
Registered in 0.024621 seconds.
Begin MonoManager ReloadAssembly
Native extension for WindowsStandalone target not found
Native extension for WebGL target not found
Refreshing native plugins compatible for Editor in 0.30 ms, found 2 plugins.
Preloading 0 native plugins for Editor in 0.00 ms.
[ScriptCompilation] NOT recompiling all scripts because this is an import worker process. Reason to compile was: Define symbols changed
Mono: successfully reloaded assembly
- Completed reload, in  0.930 seconds
Domain Reload Profiling:
	ReloadAssembly (931ms)
		BeginReloadAssembly (124ms)
			ExecutionOrderSort (0ms)
			DisableScriptedObjects (4ms)
			BackupInstance (0ms)
			ReleaseScriptingObjects (0ms)
			CreateAndSetChildDomain (16ms)
		EndReloadAssembly (753ms)
			LoadAssemblies (75ms)
			RebuildTransferFunctionScriptingTraits (0ms)
			SetupTypeCache (228ms)
			ReleaseScriptCaches (0ms)
			RebuildScriptCaches (35ms)
			SetupLoadedEditorAssemblies (336ms)
				LogAssemblyErrors (0ms)
				InitializePlatformSupportModulesInManaged (5ms)
				SetLoadedEditorAssemblies (0ms)
				RefreshPlugins (0ms)
				BeforeProcessingInitializeOnLoad (69ms)
				ProcessInitializeOnLoadAttributes (251ms)
				ProcessInitializeOnLoadMethodAttributes (3ms)
				AfterProcessingInitializeOnLoad (7ms)
				EditorAssembliesLoaded (0ms)
			ExecutionOrderSort2 (0ms)
			AwakeInstancesAfterBackupRestoration (5ms)
Platform modules already initialized, skipping
========================================================================
Worker process is ready to serve import requests
Launched and connected shader compiler UnityShaderCompiler.exe after 0.10 seconds
Refreshing native plugins compatible for Editor in 0.45 ms, found 2 plugins.
Preloading 0 native plugins for Editor in 0.00 ms.
Unloading 1517 Unused Serialized files (Serialized files now loaded: 0)
System memory in use before: 73.3 MB.
System memory in use after: 73.3 MB.

Unloading 18 unused Assets to reduce memory usage. Loaded Objects now: 1950.
Total: 2.844500 ms (FindLiveObjects: 0.202700 ms CreateObjectMapping: 0.052300 ms MarkObjects: 2.492700 ms  DeleteObjects: 0.095500 ms)

AssetImportParameters requested are different than current active one (requested -> active):
  custom:framework-win-MediaFoundation: 216162199b28c13a410421893ffa2e32 -> 
  custom:video-decoder-ogg-theora: a1e56fd34408186e4bbccfd4996cb3dc -> 
  custom:container-muxer-webm: aa71ff27fc2769a1b78a27578f13a17b -> 
  custom:container-demuxer-webm: 4f35f7cbe854078d1ac9338744f61a02 -> 
  custom:container-demuxer-ogg: 62fdf1f143b41e24485cea50d1cbac27 -> 
  custom:video-encoder-webm-vp8: eb34c28f22e8b96e1ab97ce403110664 -> 
  custom:video-decoder-webm-vp8: 9c59270c3fd7afecdb556c50c9e8de78 -> 
  custom:audio-decoder-ogg-vorbis: bf7c407c2cedff20999df2af8eb42d56 -> 
  custom:audio-encoder-webm-vorbis: bf7c407c2cedff20999df2af8eb42d56 -> 
========================================================================
Received Import Request.
  path: ProjectSettings/TagManager.asset
  artifactKey: Guid(00000000000000003000000000000000) Importer(815301076,1909f56bfc062723c751e8b465ee728b)
Start importing ProjectSettings/TagManager.asset using Guid(00000000000000003000000000000000) Importer(815301076,1909f56bfc062723c751e8b465ee728b)  -> (artifact id: 'ce6a35c3cddc746e7501c0bd0ed6d4ce') in 0.042106 seconds 
  Import took 0.044461 seconds .

========================================================================
Received Import Request.
  Time since last request: 12.725740 seconds.
  path: Assets
  artifactKey: Guid(00000000000000001000000000000000) Importer(815301076,1909f56bfc062723c751e8b465ee728b)
Start importing Assets using Guid(00000000000000001000000000000000) Importer(815301076,1909f56bfc062723c751e8b465ee728b)  -> (artifact id: '42d402b061de3733987d63b9cc3b64de') in 0.002938 seconds 
  Import took 0.005132 seconds .

========================================================================
Received Import Request.
  Time since last request: 4.024853 seconds.
  path: Assets/Rendering
  artifactKey: Guid(dbf1a70f7bc958d4786a8b7d71869819) Importer(815301076,1909f56bfc062723c751e8b465ee728b)
Start importing Assets/Rendering using Guid(dbf1a70f7bc958d4786a8b7d71869819) Importer(815301076,1909f56bfc062723c751e8b465ee728b)  -> (artifact id: 'a2fbf06c509d3079263f6932741c964a') in 0.003383 seconds 
  Import took 0.006297 seconds .

========================================================================
Received Import Request.
  Time since last request: 15.142835 seconds.
  path: Assets/Scenes/Anim_Profiles/Main Camera Profile.asset
  artifactKey: Guid(d00ae515edc35b14e95b6ae3760ccacb) Importer(815301076,1909f56bfc062723c751e8b465ee728b)
Start importing Assets/Scenes/Anim_Profiles/Main Camera Profile.asset using Guid(d00ae515edc35b14e95b6ae3760ccacb) Importer(815301076,1909f56bfc062723c751e8b465ee728b)  -> (artifact id: '323037819465a781b2e2f4a09fb6e6cd') in 0.006240 seconds 
  Import took 0.008528 seconds .

========================================================================
Received Import Request.
  Time since last request: 0.000622 seconds.
  path: Assets/Scenes/Anim_Profiles/Main Camera Profile.asset
  artifactKey: Guid(d00ae515edc35b14e95b6ae3760ccacb) Importer(815301076,1909f56bfc062723c751e8b465ee728b)
Start importing Assets/Scenes/Anim_Profiles/Main Camera Profile.asset using Guid(d00ae515edc35b14e95b6ae3760ccacb) Importer(815301076,1909f56bfc062723c751e8b465ee728b)  -> (artifact id: '323037819465a781b2e2f4a09fb6e6cd') in 0.002755 seconds 
  Import took 0.004689 seconds .

========================================================================
Received Import Request.
  Time since last request: 31.314039 seconds.
  path: Assets/Models
  artifactKey: Guid(701abf9a8b058e446a7efdfedd7b7421) Importer(815301076,1909f56bfc062723c751e8b465ee728b)
Start importing Assets/Models using Guid(701abf9a8b058e446a7efdfedd7b7421) Importer(815301076,1909f56bfc062723c751e8b465ee728b)  -> (artifact id: '6608c6f5a1c64624a1d2f0faa0db6ad0') in 0.003333 seconds 
  Import took 0.005911 seconds .

========================================================================
Received Import Request.
  Time since last request: 15.951453 seconds.
  path: Assets/Models/Logo.fbx
  artifactKey: Guid(92998467666cd0047a34053a10242f0b) Importer(815301076,1909f56bfc062723c751e8b465ee728b)
Start importing Assets/Models/Logo.fbx using Guid(92998467666cd0047a34053a10242f0b) Importer(815301076,1909f56bfc062723c751e8b465ee728b)  -> (artifact id: '2bb85f0cc3aed7e68623cf4c1772dfd7') in 0.338481 seconds 
  Import took 0.340906 seconds .

========================================================================
Received Import Request.
  Time since last request: 23.192545 seconds.
  path: Assets/Materials
  artifactKey: Guid(cdf77bdf558101d458adbbd9089ec2f3) Importer(815301076,1909f56bfc062723c751e8b465ee728b)
Start importing Assets/Materials using Guid(cdf77bdf558101d458adbbd9089ec2f3) Importer(815301076,1909f56bfc062723c751e8b465ee728b)  -> (artifact id: 'a4006a2d596de2339a1a5440527976fb') in 0.003189 seconds 
  Import took 0.005817 seconds .

========================================================================
Received Import Request.
  Time since last request: 5.590227 seconds.
  path: Assets/Materials/Red.mat
  artifactKey: Guid(35d838d4a9b2b724ea3227c160e6e887) Importer(815301076,1909f56bfc062723c751e8b465ee728b)
Start importing Assets/Materials/Red.mat using Guid(35d838d4a9b2b724ea3227c160e6e887) Importer(815301076,1909f56bfc062723c751e8b465ee728b)  -> (artifact id: '2970fd4117f9f8f23d48839767d91b26') in 0.027563 seconds 
  Import took 0.029936 seconds .

========================================================================
Received Import Request.
  Time since last request: 128.922988 seconds.
  path: Assets/Materials/Red.mat
  artifactKey: Guid(35d838d4a9b2b724ea3227c160e6e887) Importer(815301076,1909f56bfc062723c751e8b465ee728b)
Start importing Assets/Materials/Red.mat using Guid(35d838d4a9b2b724ea3227c160e6e887) Importer(815301076,1909f56bfc062723c751e8b465ee728b)  -> (artifact id: 'a08e975f6fdb9f03572e2574ed518868') in 0.017908 seconds 
  Import took 0.020456 seconds .

========================================================================
Received Import Request.
  Time since last request: 3.953259 seconds.
  path: Assets/Materials/Black.mat
  artifactKey: Guid(ab7710bfaa045744398c56202ac68f90) Importer(815301076,1909f56bfc062723c751e8b465ee728b)
Start importing Assets/Materials/Black.mat using Guid(ab7710bfaa045744398c56202ac68f90) Importer(815301076,1909f56bfc062723c751e8b465ee728b)  -> (artifact id: '82e2fabddb414c459f41d43ce7e3870b') in 0.012863 seconds 
  Import took 0.015559 seconds .

========================================================================
Received Import Request.
  Time since last request: 66.780949 seconds.
  path: Assets/Materials/Black.mat
  artifactKey: Guid(ab7710bfaa045744398c56202ac68f90) Importer(815301076,1909f56bfc062723c751e8b465ee728b)
Start importing Assets/Materials/Black.mat using Guid(ab7710bfaa045744398c56202ac68f90) Importer(815301076,1909f56bfc062723c751e8b465ee728b)  -> (artifact id: 'aa6615691ed9a434892ae9b6372de475') in 0.007822 seconds 
  Import took 0.010128 seconds .

